android/app/build/intermediates/manifest_merge_blame_file/debug/processDebugMainManifest/manifest-merger-blame-debug-report.txt
1<?xml version="1.0" encoding="utf-8"?>
2<manifest xmlns:android="http://schemas.android.com/apk/res/android"
3    package="com.ionic.eventify"
4    android:versionCode="1"
5    android:versionName="1.0" >
6
7    <uses-sdk
8        android:minSdkVersion="22"
9        android:targetSdkVersion="34" />
10
11    <!-- Permissions -->
12
13    <uses-permission android:name="android.permission.INTERNET" />
13-->src\main\AndroidManifest.xml:40:5-67
13-->src\main\AndroidManifest.xml:40:22-64
14
15    <queries>
15-->[:capacitor-camera] AndroidManifest.xml:7:5-11:15
16        <intent>
16-->[:capacitor-camera] AndroidManifest.xml:8:9-10:18
17            <action android:name="android.media.action.IMAGE_CAPTURE" />
17-->[:capacitor-camera] AndroidManifest.xml:9:13-73
17-->[:capacitor-camera] AndroidManifest.xml:9:21-70
18        </intent>
19    </queries>
20
21    <uses-permission android:name="android.permission.VIBRATE" />
21-->[:capacitor-haptics] AndroidManifest.xml:7:5-66
21-->[:capacitor-haptics] AndroidManifest.xml:7:22-63
22    <uses-permission android:name="android.permission.USE_BIOMETRIC" /> <!-- suppress DeprecatedClassUsageInspection -->
22-->[androidx.biometric:biometric:1.1.0] AndroidManifest.xml:24:5-72
22-->[androidx.biometric:biometric:1.1.0] AndroidManifest.xml:24:22-69
23    <uses-permission android:name="android.permission.USE_FINGERPRINT" />
23-->[androidx.biometric:biometric:1.1.0] AndroidManifest.xml:27:5-74
23-->[androidx.biometric:biometric:1.1.0] AndroidManifest.xml:27:22-71
24
25    <permission
25-->[androidx.core:core:1.12.0] AndroidManifest.xml:22:5-24:47
26        android:name="com.ionic.eventify.DYNAMIC_RECEIVER_NOT_EXPORTED_PERMISSION"
26-->[androidx.core:core:1.12.0] AndroidManifest.xml:23:9-81
27        android:protectionLevel="signature" />
27-->[androidx.core:core:1.12.0] AndroidManifest.xml:24:9-44
28
29    <uses-permission android:name="com.ionic.eventify.DYNAMIC_RECEIVER_NOT_EXPORTED_PERMISSION" />
29-->[androidx.core:core:1.12.0] AndroidManifest.xml:26:5-97
29-->[androidx.core:core:1.12.0] AndroidManifest.xml:26:22-94
30
31    <application
31-->src\main\AndroidManifest.xml:4:5-36:19
32        android:allowBackup="true"
32-->src\main\AndroidManifest.xml:5:9-35
33        android:appComponentFactory="androidx.core.app.CoreComponentFactory"
33-->[androidx.core:core:1.12.0] AndroidManifest.xml:28:18-86
34        android:debuggable="true"
35        android:extractNativeLibs="true"
36        android:icon="@mipmap/ic_launcher"
36-->src\main\AndroidManifest.xml:6:9-43
37        android:label="@string/app_name"
37-->src\main\AndroidManifest.xml:7:9-41
38        android:roundIcon="@mipmap/ic_launcher_round"
38-->src\main\AndroidManifest.xml:8:9-54
39        android:supportsRtl="true"
39-->src\main\AndroidManifest.xml:9:9-35
40        android:testOnly="true"
41        android:theme="@style/AppTheme" >
41-->src\main\AndroidManifest.xml:10:9-40
42        <activity
42-->src\main\AndroidManifest.xml:12:9-25:20
43            android:name="com.ionic.eventify.MainActivity"
43-->src\main\AndroidManifest.xml:14:13-41
44            android:configChanges="orientation|keyboardHidden|keyboard|screenSize|locale|smallestScreenSize|screenLayout|uiMode"
44-->src\main\AndroidManifest.xml:13:13-129
45            android:exported="true"
45-->src\main\AndroidManifest.xml:18:13-36
46            android:label="@string/title_activity_main"
46-->src\main\AndroidManifest.xml:15:13-56
47            android:launchMode="singleTask"
47-->src\main\AndroidManifest.xml:17:13-44
48            android:theme="@style/AppTheme.NoActionBarLaunch" >
48-->src\main\AndroidManifest.xml:16:13-62
49            <intent-filter>
49-->src\main\AndroidManifest.xml:20:13-23:29
50                <action android:name="android.intent.action.MAIN" />
50-->src\main\AndroidManifest.xml:21:17-69
50-->src\main\AndroidManifest.xml:21:25-66
51
52                <category android:name="android.intent.category.LAUNCHER" />
52-->src\main\AndroidManifest.xml:22:17-77
52-->src\main\AndroidManifest.xml:22:27-74
53            </intent-filter>
54        </activity>
55
56        <provider
57            android:name="androidx.core.content.FileProvider"
57-->src\main\AndroidManifest.xml:28:13-62
58            android:authorities="com.ionic.eventify.fileprovider"
58-->src\main\AndroidManifest.xml:29:13-64
59            android:exported="false"
59-->src\main\AndroidManifest.xml:30:13-37
60            android:grantUriPermissions="true" >
60-->src\main\AndroidManifest.xml:31:13-47
61            <meta-data
61-->src\main\AndroidManifest.xml:32:13-34:64
62                android:name="android.support.FILE_PROVIDER_PATHS"
62-->src\main\AndroidManifest.xml:33:17-67
63                android:resource="@xml/file_paths" />
63-->src\main\AndroidManifest.xml:34:17-51
64        </provider>
65        <provider
65-->[androidx.emoji2:emoji2:1.2.0] AndroidManifest.xml:24:9-32:20
66            android:name="androidx.startup.InitializationProvider"
66-->[androidx.emoji2:emoji2:1.2.0] AndroidManifest.xml:25:13-67
67            android:authorities="com.ionic.eventify.androidx-startup"
67-->[androidx.emoji2:emoji2:1.2.0] AndroidManifest.xml:26:13-68
68            android:exported="false" >
68-->[androidx.emoji2:emoji2:1.2.0] AndroidManifest.xml:27:13-37
69            <meta-data
69-->[androidx.emoji2:emoji2:1.2.0] AndroidManifest.xml:29:13-31:52
70                android:name="androidx.emoji2.text.EmojiCompatInitializer"
70-->[androidx.emoji2:emoji2:1.2.0] AndroidManifest.xml:30:17-75
71                android:value="androidx.startup" />
71-->[androidx.emoji2:emoji2:1.2.0] AndroidManifest.xml:31:17-49
72            <meta-data
72-->[androidx.lifecycle:lifecycle-process:2.6.1] AndroidManifest.xml:29:13-31:52
73                android:name="androidx.lifecycle.ProcessLifecycleInitializer"
73-->[androidx.lifecycle:lifecycle-process:2.6.1] AndroidManifest.xml:30:17-78
74                android:value="androidx.startup" />
74-->[androidx.lifecycle:lifecycle-process:2.6.1] AndroidManifest.xml:31:17-49
75            <meta-data
75-->[androidx.profileinstaller:profileinstaller:1.3.0] AndroidManifest.xml:29:13-31:52
76                android:name="androidx.profileinstaller.ProfileInstallerInitializer"
76-->[androidx.profileinstaller:profileinstaller:1.3.0] AndroidManifest.xml:30:17-85
77                android:value="androidx.startup" />
77-->[androidx.profileinstaller:profileinstaller:1.3.0] AndroidManifest.xml:31:17-49
78        </provider>
79
80        <service
80-->[androidx.room:room-runtime:2.6.1] AndroidManifest.xml:24:9-28:63
81            android:name="androidx.room.MultiInstanceInvalidationService"
81-->[androidx.room:room-runtime:2.6.1] AndroidManifest.xml:25:13-74
82            android:directBootAware="true"
82-->[androidx.room:room-runtime:2.6.1] AndroidManifest.xml:26:13-43
83            android:exported="false" />
83-->[androidx.room:room-runtime:2.6.1] AndroidManifest.xml:27:13-37
84
85        <receiver
85-->[androidx.profileinstaller:profileinstaller:1.3.0] AndroidManifest.xml:34:9-52:20
86            android:name="androidx.profileinstaller.ProfileInstallReceiver"
86-->[androidx.profileinstaller:profileinstaller:1.3.0] AndroidManifest.xml:35:13-76
87            android:directBootAware="false"
87-->[androidx.profileinstaller:profileinstaller:1.3.0] AndroidManifest.xml:36:13-44
88            android:enabled="true"
88-->[androidx.profileinstaller:profileinstaller:1.3.0] AndroidManifest.xml:37:13-35
89            android:exported="true"
89-->[androidx.profileinstaller:profileinstaller:1.3.0] AndroidManifest.xml:38:13-36
90            android:permission="android.permission.DUMP" >
90-->[androidx.profileinstaller:profileinstaller:1.3.0] AndroidManifest.xml:39:13-57
91            <intent-filter>
91-->[androidx.profileinstaller:profileinstaller:1.3.0] AndroidManifest.xml:40:13-42:29
92                <action android:name="androidx.profileinstaller.action.INSTALL_PROFILE" />
92-->[androidx.profileinstaller:profileinstaller:1.3.0] AndroidManifest.xml:41:17-91
92-->[androidx.profileinstaller:profileinstaller:1.3.0] AndroidManifest.xml:41:25-88
93            </intent-filter>
94            <intent-filter>
94-->[androidx.profileinstaller:profileinstaller:1.3.0] AndroidManifest.xml:43:13-45:29
95                <action android:name="androidx.profileinstaller.action.SKIP_FILE" />
95-->[androidx.profileinstaller:profileinstaller:1.3.0] AndroidManifest.xml:44:17-85
95-->[androidx.profileinstaller:profileinstaller:1.3.0] AndroidManifest.xml:44:25-82
96            </intent-filter>
97            <intent-filter>
97-->[androidx.profileinstaller:profileinstaller:1.3.0] AndroidManifest.xml:46:13-48:29
98                <action android:name="androidx.profileinstaller.action.SAVE_PROFILE" />
98-->[androidx.profileinstaller:profileinstaller:1.3.0] AndroidManifest.xml:47:17-88
98-->[androidx.profileinstaller:profileinstaller:1.3.0] AndroidManifest.xml:47:25-85
99            </intent-filter>
100            <intent-filter>
100-->[androidx.profileinstaller:profileinstaller:1.3.0] AndroidManifest.xml:49:13-51:29
101                <action android:name="androidx.profileinstaller.action.BENCHMARK_OPERATION" />
101-->[androidx.profileinstaller:profileinstaller:1.3.0] AndroidManifest.xml:50:17-95
101-->[androidx.profileinstaller:profileinstaller:1.3.0] AndroidManifest.xml:50:25-92
102            </intent-filter>
103        </receiver>
104    </application>
105
106</manifest>